# JRE version: OpenJDK Runtime Environment Temurin-21.0.9+10 (21.0.9+10) (build 21.0.9+10-LTS)
# Java VM: OpenJDK 64-Bit Server VM Temurin-21.0.9+10 (21.0.9+10-LTS, mixed mode, sharing, tiered, compressed oops, compressed class ptrs, parallel gc, windows-amd64)
GC Precious Log:
 CardTable entry size: 512
 CPUs: 8 total, 8 available
 Memory: 7863M
 Large Page Support: Disabled
 NUMA Support: Disabled
 Compressed Oops: Enabled (32-bit)
 Alignments: Space 512K, Generation 512K, Heap 2M
 Heap Min Capacity: 100M
 Heap Initial Capacity: 100M
 Heap Max Capacity: 2G
 Pre-touch: Disabled
 Parallel Workers: 8
Heap:
 PSYoungGen      total 16896K, used 12897K [0x00000000d5580000, 0x00000000d7000000, 0x0000000100000000)
  eden space 13312K, 72% used [0x00000000d5580000,0x00000000d5ee07f0,0x00000000d6280000)
  from space 3584K, 91% used [0x00000000d6c80000,0x00000000d6fb8000,0x00000000d7000000)
  to   space 4608K, 0% used [0x00000000d6700000,0x00000000d6700000,0x00000000d6b80000)
 ParOldGen       total 228864K, used 228455K [0x0000000080000000, 0x000000008df80000, 0x00000000d5580000)
  object space 228864K, 99% used [0x0000000080000000,0x000000008df19fe8,0x000000008df80000)
 Metaspace       used 73738K, committed 75328K, reserved 1179648K
  class space    used 7861K, committed 8576K, reserved 1048576K
GC Heap History (20 events):
Event: 2557.419 GC heap before
{Heap before GC invocations=98 (full 3):
 PSYoungGen      total 15360K, used 14946K [0x00000000d5580000, 0x00000000d6680000, 0x0000000100000000)
  eden space 13312K, 99% used [0x00000000d5580000,0x00000000d627cfa8,0x00000000d6280000)
  from space 2048K, 80% used [0x00000000d6480000,0x00000000d661b970,0x00000000d6680000)
  to   space 2048K, 0% used [0x00000000d6280000,0x00000000d6280000,0x00000000d6480000)
 ParOldGen       total 175104K, used 175013K [0x0000000080000000, 0x000000008ab00000, 0x00000000d5580000)
  object space 175104K, 99% used [0x0000000080000000,0x000000008aae9740,0x000000008ab00000)
 Metaspace       used 70406K, committed 71872K, reserved 1114112K
  class space    used 7503K, committed 8128K, reserved 1048576K
}
Event: 2557.422 GC heap after
{Heap after GC invocations=98 (full 3):
 PSYoungGen      total 14848K, used 1312K [0x00000000d5580000, 0x00000000d6580000, 0x0000000100000000)
  eden space 13312K, 0% used [0x00000000d5580000,0x00000000d5580000,0x00000000d6280000)
  from space 1536K, 85% used [0x00000000d6280000,0x00000000d63c8130,0x00000000d6400000)
  to   space 1536K, 0% used [0x00000000d6400000,0x00000000d6400000,0x00000000d6580000)
 ParOldGen       total 176128K, used 175842K [0x0000000080000000, 0x000000008ac00000, 0x00000000d5580000)
  object space 176128K, 99% used [0x0000000080000000,0x000000008abb8b30,0x000000008ac00000)
 Metaspace       used 70406K, committed 71872K, reserved 1114112K
  class space    used 7503K, committed 8128K, reserved 1048576K
}
Event: 2557.746 GC heap before
{Heap before GC invocations=99 (full 3):
 PSYoungGen      total 14848K, used 14624K [0x00000000d5580000, 0x00000000d6580000, 0x0000000100000000)
  eden space 13312K, 100% used [0x00000000d5580000,0x00000000d6280000,0x00000000d6280000)
  from space 1536K, 85% used [0x00000000d6280000,0x00000000d63c8130,0x00000000d6400000)
  to   space 1536K, 0% used [0x00000000d6400000,0x00000000d6400000,0x00000000d6580000)
 ParOldGen       total 176128K, used 175842K [0x0000000080000000, 0x000000008ac00000, 0x00000000d5580000)
  object space 176128K, 99% used [0x0000000080000000,0x000000008abb8b30,0x000000008ac00000)
 Metaspace       used 70949K, committed 72320K, reserved 1114112K
  class space    used 7575K, committed 8192K, reserved 1048576K
}
Event: 2557.757 GC heap after
{Heap after GC invocations=99 (full 3):
 PSYoungGen      total 14848K, used 1172K [0x00000000d5580000, 0x00000000d6580000, 0x0000000100000000)
  eden space 13312K, 0% used [0x00000000d5580000,0x00000000d5580000,0x00000000d6280000)
  from space 1536K, 76% used [0x00000000d6400000,0x00000000d6525220,0x00000000d6580000)
  to   space 1536K, 0% used [0x00000000d6280000,0x00000000d6280000,0x00000000d6400000)
 ParOldGen       total 177152K, used 177001K [0x0000000080000000, 0x000000008ad00000, 0x00000000d5580000)
  object space 177152K, 99% used [0x0000000080000000,0x000000008acda5b8,0x000000008ad00000)
 Metaspace       used 70949K, committed 72320K, reserved 1114112K
  class space    used 7575K, committed 8192K, reserved 1048576K
}
Event: 2558.105 GC heap before
{Heap before GC invocations=100 (full 3):
 PSYoungGen      total 14848K, used 14484K [0x00000000d5580000, 0x00000000d6580000, 0x0000000100000000)
  eden space 13312K, 100% used [0x00000000d5580000,0x00000000d6280000,0x00000000d6280000)
  from space 1536K, 76% used [0x00000000d6400000,0x00000000d6525220,0x00000000d6580000)
  to   space 1536K, 0% used [0x00000000d6280000,0x00000000d6280000,0x00000000d6400000)
 ParOldGen       total 177152K, used 177001K [0x0000000080000000, 0x000000008ad00000, 0x00000000d5580000)
  object space 177152K, 99% used [0x0000000080000000,0x000000008acda5b8,0x000000008ad00000)
 Metaspace       used 71208K, committed 72640K, reserved 1114112K
  class space    used 7599K, committed 8256K, reserved 1048576K
}
Event: 2558.109 GC heap after
{Heap after GC invocations=100 (full 3):
 PSYoungGen      total 14848K, used 1076K [0x00000000d5580000, 0x00000000d6580000, 0x0000000100000000)
  eden space 13312K, 0% used [0x00000000d5580000,0x00000000d5580000,0x00000000d6280000)
  from space 1536K, 70% used [0x00000000d6280000,0x00000000d638d220,0x00000000d6400000)
  to   space 1536K, 0% used [0x00000000d6400000,0x00000000d6400000,0x00000000d6580000)
 ParOldGen       total 177664K, used 177466K [0x0000000080000000, 0x000000008ad80000, 0x00000000d5580000)
  object space 177664K, 99% used [0x0000000080000000,0x000000008ad4e980,0x000000008ad80000)
 Metaspace       used 71208K, committed 72640K, reserved 1114112K
  class space    used 7599K, committed 8256K, reserved 1048576K
}
Event: 2565.201 GC heap before
{Heap before GC invocations=101 (full 3):
 PSYoungGen      total 14848K, used 13817K [0x00000000d5580000, 0x00000000d6580000, 0x0000000100000000)
  eden space 13312K, 95% used [0x00000000d5580000,0x00000000d61f12b8,0x00000000d6280000)
  from space 1536K, 70% used [0x00000000d6280000,0x00000000d638d220,0x00000000d6400000)
  to   space 1536K, 0% used [0x00000000d6400000,0x00000000d6400000,0x00000000d6580000)
 ParOldGen       total 177664K, used 177466K [0x0000000080000000, 0x000000008ad80000, 0x00000000d5580000)
  object space 177664K, 99% used [0x0000000080000000,0x000000008ad4e980,0x000000008ad80000)
 Metaspace       used 71838K, committed 73344K, reserved 1179648K
  class space    used 7647K, committed 8320K, reserved 1048576K
}
Event: 2565.229 GC heap after
{Heap after GC invocations=101 (full 3):
 PSYoungGen      total 14848K, used 1128K [0x00000000d5580000, 0x00000000d6580000, 0x0000000100000000)
  eden space 13312K, 0% used [0x00000000d5580000,0x00000000d5580000,0x00000000d6280000)
  from space 1536K, 73% used [0x00000000d6400000,0x00000000d651a2d8,0x00000000d6580000)
  to   space 1536K, 0% used [0x00000000d6280000,0x00000000d6280000,0x00000000d6400000)
 ParOldGen       total 177664K, used 177642K [0x0000000080000000, 0x000000008ad80000, 0x00000000d5580000)
  object space 177664K, 99% used [0x0000000080000000,0x000000008ad7a9a0,0x000000008ad80000)
 Metaspace       used 71838K, committed 73344K, reserved 1179648K
  class space    used 7647K, committed 8320K, reserved 1048576K
}
Event: 2575.508 GC heap before
{Heap before GC invocations=102 (full 3):
 PSYoungGen      total 14848K, used 14440K [0x00000000d5580000, 0x00000000d6580000, 0x0000000100000000)
  eden space 13312K, 100% used [0x00000000d5580000,0x00000000d6280000,0x00000000d6280000)
  from space 1536K, 73% used [0x00000000d6400000,0x00000000d651a2d8,0x00000000d6580000)
  to   space 1536K, 0% used [0x00000000d6280000,0x00000000d6280000,0x00000000d6400000)
 ParOldGen       total 177664K, used 177642K [0x0000000080000000, 0x000000008ad80000, 0x00000000d5580000)
  object space 177664K, 99% used [0x0000000080000000,0x000000008ad7a9a0,0x000000008ad80000)
 Metaspace       used 71943K, committed 73408K, reserved 1179648K
  class space    used 7661K, committed 8320K, reserved 1048576K
}
Event: 2575.536 GC heap after
{Heap after GC invocations=102 (full 3):
 PSYoungGen      total 14848K, used 1527K [0x00000000d5580000, 0x00000000d6e80000, 0x0000000100000000)
  eden space 13312K, 0% used [0x00000000d5580000,0x00000000d5580000,0x00000000d6280000)
  from space 1536K, 99% used [0x00000000d6280000,0x00000000d63fdc10,0x00000000d6400000)
  to   space 6144K, 0% used [0x00000000d6880000,0x00000000d6880000,0x00000000d6e80000)
 ParOldGen       total 181760K, used 181298K [0x0000000080000000, 0x000000008b180000, 0x00000000d5580000)
  object space 181760K, 99% used [0x0000000080000000,0x000000008b10c9b8,0x000000008b180000)
 Metaspace       used 71943K, committed 73408K, reserved 1179648K
  class space    used 7661K, committed 8320K, reserved 1048576K
}
Event: 2578.638 GC heap before
{Heap before GC invocations=103 (full 3):
 PSYoungGen      total 14848K, used 14839K [0x00000000d5580000, 0x00000000d6e80000, 0x0000000100000000)
  eden space 13312K, 100% used [0x00000000d5580000,0x00000000d6280000,0x00000000d6280000)
  from space 1536K, 99% used [0x00000000d6280000,0x00000000d63fdc10,0x00000000d6400000)
  to   space 6144K, 0% used [0x00000000d6880000,0x00000000d6880000,0x00000000d6e80000)
 ParOldGen       total 181760K, used 181298K [0x0000000080000000, 0x000000008b180000, 0x00000000d5580000)
  object space 181760K, 99% used [0x0000000080000000,0x000000008b10c9b8,0x000000008b180000)
 Metaspace       used 72315K, committed 73728K, reserved 1179648K
  class space    used 7711K, committed 8384K, reserved 1048576K
}
Event: 2578.643 GC heap after
{Heap after GC invocations=103 (full 3):
 PSYoungGen      total 19456K, used 5727K [0x00000000d5580000, 0x00000000d6e80000, 0x0000000100000000)
  eden space 13312K, 0% used [0x00000000d5580000,0x00000000d5580000,0x00000000d6280000)
  from space 6144K, 93% used [0x00000000d6880000,0x00000000d6e17c30,0x00000000d6e80000)
  to   space 6144K, 0% used [0x00000000d6280000,0x00000000d6280000,0x00000000d6880000)
 ParOldGen       total 181760K, used 181418K [0x0000000080000000, 0x000000008b180000, 0x00000000d5580000)
  object space 181760K, 99% used [0x0000000080000000,0x000000008b12a9b8,0x000000008b180000)
 Metaspace       used 72315K, committed 73728K, reserved 1179648K
  class space    used 7711K, committed 8384K, reserved 1048576K
}
Event: 2580.012 GC heap before
{Heap before GC invocations=104 (full 3):
 PSYoungGen      total 19456K, used 19039K [0x00000000d5580000, 0x00000000d6e80000, 0x0000000100000000)
  eden space 13312K, 100% used [0x00000000d5580000,0x00000000d6280000,0x00000000d6280000)
  from space 6144K, 93% used [0x00000000d6880000,0x00000000d6e17c30,0x00000000d6e80000)
  to   space 6144K, 0% used [0x00000000d6280000,0x00000000d6280000,0x00000000d6880000)
 ParOldGen       total 181760K, used 181418K [0x0000000080000000, 0x000000008b180000, 0x00000000d5580000)
  object space 181760K, 99% used [0x0000000080000000,0x000000008b12a9b8,0x000000008b180000)
 Metaspace       used 72517K, committed 73984K, reserved 1179648K
  class space    used 7738K, committed 8384K, reserved 1048576K
}
Event: 2580.027 GC heap after
{Heap after GC invocations=104 (full 3):
 PSYoungGen      total 19456K, used 6144K [0x00000000d5580000, 0x00000000d8080000, 0x0000000100000000)
  eden space 13312K, 0% used [0x00000000d5580000,0x00000000d5580000,0x00000000d6280000)
  from space 6144K, 100% used [0x00000000d6280000,0x00000000d6880000,0x00000000d6880000)
  to   space 15360K, 0% used [0x00000000d7180000,0x00000000d7180000,0x00000000d8080000)
 ParOldGen       total 189440K, used 188981K [0x0000000080000000, 0x000000008b900000, 0x00000000d5580000)
  object space 189440K, 99% used [0x0000000080000000,0x000000008b88d608,0x000000008b900000)
 Metaspace       used 72517K, committed 73984K, reserved 1179648K
  class space    used 7738K, committed 8384K, reserved 1048576K
}
Event: 2580.604 GC heap before
{Heap before GC invocations=105 (full 3):
 PSYoungGen      total 19456K, used 19455K [0x00000000d5580000, 0x00000000d8080000, 0x0000000100000000)
  eden space 13312K, 99% used [0x00000000d5580000,0x00000000d627fff0,0x00000000d6280000)
  from space 6144K, 100% used [0x00000000d6280000,0x00000000d6880000,0x00000000d6880000)
  to   space 15360K, 0% used [0x00000000d7180000,0x00000000d7180000,0x00000000d8080000)
 ParOldGen       total 189440K, used 188981K [0x0000000080000000, 0x000000008b900000, 0x00000000d5580000)
  object space 189440K, 99% used [0x0000000080000000,0x000000008b88d608,0x000000008b900000)
 Metaspace       used 72658K, committed 74176K, reserved 1179648K
  class space    used 7753K, committed 8448K, reserved 1048576K
}
Event: 2580.617 GC heap after
{Heap after GC invocations=105 (full 3):
 PSYoungGen      total 19456K, used 5660K [0x00000000d5580000, 0x00000000d7780000, 0x0000000100000000)
  eden space 13312K, 0% used [0x00000000d5580000,0x00000000d5580000,0x00000000d6280000)
  from space 6144K, 92% used [0x00000000d7180000,0x00000000d7707010,0x00000000d7780000)
  to   space 8704K, 0% used [0x00000000d6680000,0x00000000d6680000,0x00000000d6f00000)
 ParOldGen       total 195584K, used 195189K [0x0000000080000000, 0x000000008bf00000, 0x00000000d5580000)
  object space 195584K, 99% used [0x0000000080000000,0x000000008be9d608,0x000000008bf00000)
 Metaspace       used 72658K, committed 74176K, reserved 1179648K
  class space    used 7753K, committed 8448K, reserved 1048576K
}
Event: 2581.944 GC heap before
{Heap before GC invocations=106 (full 3):
 PSYoungGen      total 19456K, used 18972K [0x00000000d5580000, 0x00000000d7780000, 0x0000000100000000)
  eden space 13312K, 100% used [0x00000000d5580000,0x00000000d6280000,0x00000000d6280000)
  from space 6144K, 92% used [0x00000000d7180000,0x00000000d7707010,0x00000000d7780000)
  to   space 8704K, 0% used [0x00000000d6680000,0x00000000d6680000,0x00000000d6f00000)
 ParOldGen       total 195584K, used 195189K [0x0000000080000000, 0x000000008bf00000, 0x00000000d5580000)
  object space 195584K, 99% used [0x0000000080000000,0x000000008be9d608,0x000000008bf00000)
 Metaspace       used 73247K, committed 74816K, reserved 1179648K
  class space    used 7820K, committed 8512K, reserved 1048576K
}
Event: 2581.959 GC heap after
{Heap after GC invocations=106 (full 3):
 PSYoungGen      total 19456K, used 5816K [0x00000000d5580000, 0x00000000d7200000, 0x0000000100000000)
  eden space 13312K, 0% used [0x00000000d5580000,0x00000000d5580000,0x00000000d6280000)
  from space 6144K, 94% used [0x00000000d6680000,0x00000000d6c2e298,0x00000000d6c80000)
  to   space 5632K, 0% used [0x00000000d6c80000,0x00000000d6c80000,0x00000000d7200000)
 ParOldGen       total 200192K, used 199761K [0x0000000080000000, 0x000000008c380000, 0x00000000d5580000)
  object space 200192K, 99% used [0x0000000080000000,0x000000008c314618,0x000000008c380000)
 Metaspace       used 73247K, committed 74816K, reserved 1179648K
  class space    used 7820K, committed 8512K, reserved 1048576K
}
Event: 2582.629 GC heap before
{Heap before GC invocations=107 (full 3):
 PSYoungGen      total 19456K, used 19128K [0x00000000d5580000, 0x00000000d7200000, 0x0000000100000000)
  eden space 13312K, 100% used [0x00000000d5580000,0x00000000d6280000,0x00000000d6280000)
  from space 6144K, 94% used [0x00000000d6680000,0x00000000d6c2e298,0x00000000d6c80000)
  to   space 5632K, 0% used [0x00000000d6c80000,0x00000000d6c80000,0x00000000d7200000)
 ParOldGen       total 223744K, used 222801K [0x0000000080000000, 0x000000008da80000, 0x00000000d5580000)
  object space 223744K, 99% used [0x0000000080000000,0x000000008d994638,0x000000008da80000)
 Metaspace       used 73354K, committed 74880K, reserved 1179648K
  class space    used 7830K, committed 8512K, reserved 1048576K
}
Event: 2582.636 GC heap after
{Heap after GC invocations=107 (full 3):
 PSYoungGen      total 16896K, used 3296K [0x00000000d5580000, 0x00000000d7000000, 0x0000000100000000)
  eden space 13312K, 0% used [0x00000000d5580000,0x00000000d5580000,0x00000000d6280000)
  from space 3584K, 91% used [0x00000000d6c80000,0x00000000d6fb8000,0x00000000d7000000)
  to   space 4608K, 0% used [0x00000000d6700000,0x00000000d6700000,0x00000000d6b80000)
 ParOldGen       total 228864K, used 228455K [0x0000000080000000, 0x000000008df80000, 0x00000000d5580000)
  object space 228864K, 99% used [0x0000000080000000,0x000000008df19fe8,0x000000008df80000)
 Metaspace       used 73354K, committed 74880K, reserved 1179648K
  class space    used 7830K, committed 8512K, reserved 1048576K
}

